2015-09-19 15:22:07 [127.0.0.1][-][-][error][yii\web\HttpException:404] exception 'yii\web\NotFoundHttpException' with message 'Page not found.' in /var/www/cms/indocell/vendor/yiisoft/yii2/web/Request.php:187
Stack trace:
#0 /var/www/cms/indocell/vendor/yiisoft/yii2/web/Application.php(75): yii\web\Request->resolve()
#1 /var/www/cms/indocell/vendor/yiisoft/yii2/base/Application.php(375): yii\web\Application->handleRequest(Object(yii\web\Request))
#2 /var/www/cms/indocell/frontend/web/indomobilecell/index.php(18): yii\base\Application->run()
#3 {main}
2015-09-19 15:22:07 [127.0.0.1][-][-][info][application] $_COOKIE = [
    'PHPSESSID' => 'ru6kg9gbs406bed58n4oj312u2'
    '_csrf' => '540aca4cd7a6463dcf612abe0d1d075478830af1734882753b25600ba17d15a3s:32:\"d9Pin_geTEvK-s6-9QJDg5_A6Or9hJ7J\";'
]

$_SESSION = [
    '__flash' => []
]

$_SERVER = [
    'REDIRECT_STATUS' => '200'
    'HTTP_HOST' => 'localhost'
    'HTTP_CONNECTION' => 'keep-alive'
    'HTTP_USER_AGENT' => 'Mozilla/5.0 (X11; Linux x86_64) AppleWebKit/537.36 (KHTML, like Gecko) Ubuntu Chromium/44.0.2403.89 Chrome/44.0.2403.89 Safari/537.36'
    'HTTP_ACCEPT' => '*/*'
    'HTTP_REFERER' => 'http://localhost/cms/indocell/frontend/web/indomobilecell/category/47/smartphone/sony.html'
    'HTTP_ACCEPT_ENCODING' => 'gzip, deflate, sdch'
    'HTTP_ACCEPT_LANGUAGE' => 'en-US,en;q=0.8,id;q=0.6,ms;q=0.4'
    'HTTP_COOKIE' => 'PHPSESSID=ru6kg9gbs406bed58n4oj312u2; _csrf=540aca4cd7a6463dcf612abe0d1d075478830af1734882753b25600ba17d15a3s%3A32%3A%22d9Pin_geTEvK-s6-9QJDg5_A6Or9hJ7J%22%3B'
    'PATH' => '/usr/local/sbin:/usr/local/bin:/usr/sbin:/usr/bin:/sbin:/bin'
    'SERVER_SIGNATURE' => '<address>Apache/2.4.7 (Ubuntu) Server at localhost Port 80</address>
'
    'SERVER_SOFTWARE' => 'Apache/2.4.7 (Ubuntu)'
    'SERVER_NAME' => 'localhost'
    'SERVER_ADDR' => '127.0.0.1'
    'SERVER_PORT' => '80'
    'REMOTE_ADDR' => '127.0.0.1'
    'DOCUMENT_ROOT' => '/var/www'
    'REQUEST_SCHEME' => 'http'
    'CONTEXT_PREFIX' => ''
    'CONTEXT_DOCUMENT_ROOT' => '/var/www'
    'SERVER_ADMIN' => 'webmaster@localhost'
    'SCRIPT_FILENAME' => '/var/www/cms/indocell/frontend/web/indomobilecell/index.php'
    'REMOTE_PORT' => '47621'
    'REDIRECT_URL' => '/cms/indocell/frontend/web/indomobilecell/category/47/smartphone/images/favicon.ico'
    'GATEWAY_INTERFACE' => 'CGI/1.1'
    'SERVER_PROTOCOL' => 'HTTP/1.1'
    'REQUEST_METHOD' => 'GET'
    'QUERY_STRING' => ''
    'REQUEST_URI' => '/cms/indocell/frontend/web/indomobilecell/category/47/smartphone/images/favicon.ico'
    'SCRIPT_NAME' => '/cms/indocell/frontend/web/indomobilecell/index.php'
    'PHP_SELF' => '/cms/indocell/frontend/web/indomobilecell/index.php'
    'REQUEST_TIME_FLOAT' => 1442650927.877
    'REQUEST_TIME' => 1442650927
]
